<?xml version="1.0" encoding="UTF-8"?>
<testsuite xmlns:xsi="http://www.w3.org/2001/XMLSchema-instance" xsi:noNamespaceSchemaLocation="https://maven.apache.org/surefire/maven-surefire-plugin/xsd/surefire-test-report-3.0.xsd" version="3.0" name="com.example.BlepBlipBlop.BlepBlipBlopApplicationTests" time="6.663" tests="1" errors="0" skipped="0" failures="0">
  <properties>
    <property name="java.specification.version" value="23"/>
    <property name="sun.cpu.isalist" value="amd64"/>
    <property name="sun.jnu.encoding" value="Cp1252"/>
    <property name="java.class.path" value="C:\NU\Year 2\Q5\PRO150 - Web Project\BlepBlipBlop\API\target\test-classes;C:\NU\Year 2\Q5\PRO150 - Web Project\BlepBlipBlop\API\target\classes;C:\Users\eandreason\.m2\repository\org\springframework\boot\spring-boot-starter-web\3.3.5\spring-boot-starter-web-3.3.5.jar;C:\Users\eandreason\.m2\repository\org\springframework\boot\spring-boot-starter\3.3.5\spring-boot-starter-3.3.5.jar;C:\Users\eandreason\.m2\repository\org\springframework\boot\spring-boot\3.3.5\spring-boot-3.3.5.jar;C:\Users\eandreason\.m2\repository\org\springframework\boot\spring-boot-autoconfigure\3.3.5\spring-boot-autoconfigure-3.3.5.jar;C:\Users\eandreason\.m2\repository\org\springframework\boot\spring-boot-starter-logging\3.3.5\spring-boot-starter-logging-3.3.5.jar;C:\Users\eandreason\.m2\repository\ch\qos\logback\logback-classic\1.5.11\logback-classic-1.5.11.jar;C:\Users\eandreason\.m2\repository\ch\qos\logback\logback-core\1.5.11\logback-core-1.5.11.jar;C:\Users\eandreason\.m2\repository\org\apache\logging\log4j\log4j-to-slf4j\2.23.1\log4j-to-slf4j-2.23.1.jar;C:\Users\eandreason\.m2\repository\org\apache\logging\log4j\log4j-api\2.23.1\log4j-api-2.23.1.jar;C:\Users\eandreason\.m2\repository\org\slf4j\jul-to-slf4j\2.0.16\jul-to-slf4j-2.0.16.jar;C:\Users\eandreason\.m2\repository\org\yaml\snakeyaml\2.2\snakeyaml-2.2.jar;C:\Users\eandreason\.m2\repository\org\springframework\boot\spring-boot-starter-json\3.3.5\spring-boot-starter-json-3.3.5.jar;C:\Users\eandreason\.m2\repository\com\fasterxml\jackson\core\jackson-databind\2.17.2\jackson-databind-2.17.2.jar;C:\Users\eandreason\.m2\repository\com\fasterxml\jackson\core\jackson-annotations\2.17.2\jackson-annotations-2.17.2.jar;C:\Users\eandreason\.m2\repository\com\fasterxml\jackson\core\jackson-core\2.17.2\jackson-core-2.17.2.jar;C:\Users\eandreason\.m2\repository\com\fasterxml\jackson\datatype\jackson-datatype-jdk8\2.17.2\jackson-datatype-jdk8-2.17.2.jar;C:\Users\eandreason\.m2\repository\com\fasterxml\jackson\datatype\jackson-datatype-jsr310\2.17.2\jackson-datatype-jsr310-2.17.2.jar;C:\Users\eandreason\.m2\repository\com\fasterxml\jackson\module\jackson-module-parameter-names\2.17.2\jackson-module-parameter-names-2.17.2.jar;C:\Users\eandreason\.m2\repository\org\springframework\spring-web\6.1.14\spring-web-6.1.14.jar;C:\Users\eandreason\.m2\repository\org\springframework\spring-beans\6.1.14\spring-beans-6.1.14.jar;C:\Users\eandreason\.m2\repository\io\micrometer\micrometer-observation\1.13.6\micrometer-observation-1.13.6.jar;C:\Users\eandreason\.m2\repository\io\micrometer\micrometer-commons\1.13.6\micrometer-commons-1.13.6.jar;C:\Users\eandreason\.m2\repository\org\springframework\spring-webmvc\6.1.14\spring-webmvc-6.1.14.jar;C:\Users\eandreason\.m2\repository\org\springframework\spring-aop\6.1.14\spring-aop-6.1.14.jar;C:\Users\eandreason\.m2\repository\org\springframework\spring-context\6.1.14\spring-context-6.1.14.jar;C:\Users\eandreason\.m2\repository\org\springframework\spring-expression\6.1.14\spring-expression-6.1.14.jar;C:\Users\eandreason\.m2\repository\org\springframework\boot\spring-boot-starter-tomcat\3.3.5\spring-boot-starter-tomcat-3.3.5.jar;C:\Users\eandreason\.m2\repository\jakarta\annotation\jakarta.annotation-api\2.1.1\jakarta.annotation-api-2.1.1.jar;C:\Users\eandreason\.m2\repository\org\apache\tomcat\embed\tomcat-embed-core\10.1.31\tomcat-embed-core-10.1.31.jar;C:\Users\eandreason\.m2\repository\org\apache\tomcat\embed\tomcat-embed-el\10.1.31\tomcat-embed-el-10.1.31.jar;C:\Users\eandreason\.m2\repository\org\apache\tomcat\embed\tomcat-embed-websocket\10.1.31\tomcat-embed-websocket-10.1.31.jar;C:\Users\eandreason\.m2\repository\org\springframework\boot\spring-boot-starter-test\3.3.5\spring-boot-starter-test-3.3.5.jar;C:\Users\eandreason\.m2\repository\org\springframework\boot\spring-boot-test\3.3.5\spring-boot-test-3.3.5.jar;C:\Users\eandreason\.m2\repository\org\springframework\boot\spring-boot-test-autoconfigure\3.3.5\spring-boot-test-autoconfigure-3.3.5.jar;C:\Users\eandreason\.m2\repository\com\jayway\jsonpath\json-path\2.9.0\json-path-2.9.0.jar;C:\Users\eandreason\.m2\repository\org\slf4j\slf4j-api\2.0.16\slf4j-api-2.0.16.jar;C:\Users\eandreason\.m2\repository\jakarta\xml\bind\jakarta.xml.bind-api\4.0.2\jakarta.xml.bind-api-4.0.2.jar;C:\Users\eandreason\.m2\repository\jakarta\activation\jakarta.activation-api\2.1.3\jakarta.activation-api-2.1.3.jar;C:\Users\eandreason\.m2\repository\net\minidev\json-smart\2.5.1\json-smart-2.5.1.jar;C:\Users\eandreason\.m2\repository\net\minidev\accessors-smart\2.5.1\accessors-smart-2.5.1.jar;C:\Users\eandreason\.m2\repository\org\ow2\asm\asm\9.6\asm-9.6.jar;C:\Users\eandreason\.m2\repository\org\assertj\assertj-core\3.25.3\assertj-core-3.25.3.jar;C:\Users\eandreason\.m2\repository\net\bytebuddy\byte-buddy\1.14.19\byte-buddy-1.14.19.jar;C:\Users\eandreason\.m2\repository\org\awaitility\awaitility\4.2.2\awaitility-4.2.2.jar;C:\Users\eandreason\.m2\repository\org\hamcrest\hamcrest\2.2\hamcrest-2.2.jar;C:\Users\eandreason\.m2\repository\org\junit\jupiter\junit-jupiter\5.10.5\junit-jupiter-5.10.5.jar;C:\Users\eandreason\.m2\repository\org\junit\jupiter\junit-jupiter-api\5.10.5\junit-jupiter-api-5.10.5.jar;C:\Users\eandreason\.m2\repository\org\opentest4j\opentest4j\1.3.0\opentest4j-1.3.0.jar;C:\Users\eandreason\.m2\repository\org\junit\platform\junit-platform-commons\1.10.5\junit-platform-commons-1.10.5.jar;C:\Users\eandreason\.m2\repository\org\apiguardian\apiguardian-api\1.1.2\apiguardian-api-1.1.2.jar;C:\Users\eandreason\.m2\repository\org\junit\jupiter\junit-jupiter-params\5.10.5\junit-jupiter-params-5.10.5.jar;C:\Users\eandreason\.m2\repository\org\junit\jupiter\junit-jupiter-engine\5.10.5\junit-jupiter-engine-5.10.5.jar;C:\Users\eandreason\.m2\repository\org\junit\platform\junit-platform-engine\1.10.5\junit-platform-engine-1.10.5.jar;C:\Users\eandreason\.m2\repository\org\mockito\mockito-core\5.11.0\mockito-core-5.11.0.jar;C:\Users\eandreason\.m2\repository\net\bytebuddy\byte-buddy-agent\1.14.19\byte-buddy-agent-1.14.19.jar;C:\Users\eandreason\.m2\repository\org\objenesis\objenesis\3.3\objenesis-3.3.jar;C:\Users\eandreason\.m2\repository\org\mockito\mockito-junit-jupiter\5.11.0\mockito-junit-jupiter-5.11.0.jar;C:\Users\eandreason\.m2\repository\org\skyscreamer\jsonassert\1.5.3\jsonassert-1.5.3.jar;C:\Users\eandreason\.m2\repository\com\vaadin\external\google\android-json\0.0.20131108.vaadin1\android-json-0.0.20131108.vaadin1.jar;C:\Users\eandreason\.m2\repository\org\springframework\spring-core\6.1.14\spring-core-6.1.14.jar;C:\Users\eandreason\.m2\repository\org\springframework\spring-jcl\6.1.14\spring-jcl-6.1.14.jar;C:\Users\eandreason\.m2\repository\org\springframework\spring-test\6.1.14\spring-test-6.1.14.jar;C:\Users\eandreason\.m2\repository\org\xmlunit\xmlunit-core\2.9.1\xmlunit-core-2.9.1.jar;C:\Users\eandreason\.m2\repository\com\mysql\mysql-connector-j\8.4.0\mysql-connector-j-8.4.0.jar;C:\Users\eandreason\.m2\repository\org\springframework\boot\spring-boot-starter-data-jpa\3.3.5\spring-boot-starter-data-jpa-3.3.5.jar;C:\Users\eandreason\.m2\repository\org\springframework\boot\spring-boot-starter-aop\3.3.5\spring-boot-starter-aop-3.3.5.jar;C:\Users\eandreason\.m2\repository\org\aspectj\aspectjweaver\1.9.22.1\aspectjweaver-1.9.22.1.jar;C:\Users\eandreason\.m2\repository\org\springframework\boot\spring-boot-starter-jdbc\3.3.5\spring-boot-starter-jdbc-3.3.5.jar;C:\Users\eandreason\.m2\repository\com\zaxxer\HikariCP\5.1.0\HikariCP-5.1.0.jar;C:\Users\eandreason\.m2\repository\org\springframework\spring-jdbc\6.1.14\spring-jdbc-6.1.14.jar;C:\Users\eandreason\.m2\repository\org\hibernate\orm\hibernate-core\6.5.3.Final\hibernate-core-6.5.3.Final.jar;C:\Users\eandreason\.m2\repository\jakarta\persistence\jakarta.persistence-api\3.1.0\jakarta.persistence-api-3.1.0.jar;C:\Users\eandreason\.m2\repository\jakarta\transaction\jakarta.transaction-api\2.0.1\jakarta.transaction-api-2.0.1.jar;C:\Users\eandreason\.m2\repository\org\jboss\logging\jboss-logging\3.5.3.Final\jboss-logging-3.5.3.Final.jar;C:\Users\eandreason\.m2\repository\org\hibernate\common\hibernate-commons-annotations\6.0.6.Final\hibernate-commons-annotations-6.0.6.Final.jar;C:\Users\eandreason\.m2\repository\io\smallrye\jandex\3.1.2\jandex-3.1.2.jar;C:\Users\eandreason\.m2\repository\com\fasterxml\classmate\1.7.0\classmate-1.7.0.jar;C:\Users\eandreason\.m2\repository\org\glassfish\jaxb\jaxb-runtime\4.0.5\jaxb-runtime-4.0.5.jar;C:\Users\eandreason\.m2\repository\org\glassfish\jaxb\jaxb-core\4.0.5\jaxb-core-4.0.5.jar;C:\Users\eandreason\.m2\repository\org\eclipse\angus\angus-activation\2.0.2\angus-activation-2.0.2.jar;C:\Users\eandreason\.m2\repository\org\glassfish\jaxb\txw2\4.0.5\txw2-4.0.5.jar;C:\Users\eandreason\.m2\repository\com\sun\istack\istack-commons-runtime\4.1.2\istack-commons-runtime-4.1.2.jar;C:\Users\eandreason\.m2\repository\jakarta\inject\jakarta.inject-api\2.0.1\jakarta.inject-api-2.0.1.jar;C:\Users\eandreason\.m2\repository\org\antlr\antlr4-runtime\4.13.0\antlr4-runtime-4.13.0.jar;C:\Users\eandreason\.m2\repository\org\springframework\data\spring-data-jpa\3.3.5\spring-data-jpa-3.3.5.jar;C:\Users\eandreason\.m2\repository\org\springframework\data\spring-data-commons\3.3.5\spring-data-commons-3.3.5.jar;C:\Users\eandreason\.m2\repository\org\springframework\spring-orm\6.1.14\spring-orm-6.1.14.jar;C:\Users\eandreason\.m2\repository\org\springframework\spring-tx\6.1.14\spring-tx-6.1.14.jar;C:\Users\eandreason\.m2\repository\org\springframework\spring-aspects\6.1.14\spring-aspects-6.1.14.jar;"/>
    <property name="java.vm.vendor" value="Oracle Corporation"/>
    <property name="sun.arch.data.model" value="64"/>
    <property name="user.variant" value=""/>
    <property name="java.vendor.url" value="https://java.oracle.com/"/>
    <property name="user.timezone" value="America/Denver"/>
    <property name="org.jboss.logging.provider" value="slf4j"/>
    <property name="os.name" value="Windows 10"/>
    <property name="java.vm.specification.version" value="23"/>
    <property name="sun.java.launcher" value="SUN_STANDARD"/>
    <property name="user.country" value="US"/>
    <property name="sun.boot.library.path" value="C:\Program Files\Java\jdk-23\bin"/>
    <property name="sun.java.command" value="C:\Users\eandreason\AppData\Local\Temp\surefire6299713226016472352\surefirebooter-20241126111631430_3.jar C:\Users\eandreason\AppData\Local\Temp\surefire6299713226016472352 2024-11-26T11-16-31_197-jvmRun1 surefire-20241126111631430_1tmp surefire_0-20241126111631430_2tmp"/>
    <property name="jdk.debug" value="release"/>
    <property name="surefire.test.class.path" value="C:\NU\Year 2\Q5\PRO150 - Web Project\BlepBlipBlop\API\target\test-classes;C:\NU\Year 2\Q5\PRO150 - Web Project\BlepBlipBlop\API\target\classes;C:\Users\eandreason\.m2\repository\org\springframework\boot\spring-boot-starter-web\3.3.5\spring-boot-starter-web-3.3.5.jar;C:\Users\eandreason\.m2\repository\org\springframework\boot\spring-boot-starter\3.3.5\spring-boot-starter-3.3.5.jar;C:\Users\eandreason\.m2\repository\org\springframework\boot\spring-boot\3.3.5\spring-boot-3.3.5.jar;C:\Users\eandreason\.m2\repository\org\springframework\boot\spring-boot-autoconfigure\3.3.5\spring-boot-autoconfigure-3.3.5.jar;C:\Users\eandreason\.m2\repository\org\springframework\boot\spring-boot-starter-logging\3.3.5\spring-boot-starter-logging-3.3.5.jar;C:\Users\eandreason\.m2\repository\ch\qos\logback\logback-classic\1.5.11\logback-classic-1.5.11.jar;C:\Users\eandreason\.m2\repository\ch\qos\logback\logback-core\1.5.11\logback-core-1.5.11.jar;C:\Users\eandreason\.m2\repository\org\apache\logging\log4j\log4j-to-slf4j\2.23.1\log4j-to-slf4j-2.23.1.jar;C:\Users\eandreason\.m2\repository\org\apache\logging\log4j\log4j-api\2.23.1\log4j-api-2.23.1.jar;C:\Users\eandreason\.m2\repository\org\slf4j\jul-to-slf4j\2.0.16\jul-to-slf4j-2.0.16.jar;C:\Users\eandreason\.m2\repository\org\yaml\snakeyaml\2.2\snakeyaml-2.2.jar;C:\Users\eandreason\.m2\repository\org\springframework\boot\spring-boot-starter-json\3.3.5\spring-boot-starter-json-3.3.5.jar;C:\Users\eandreason\.m2\repository\com\fasterxml\jackson\core\jackson-databind\2.17.2\jackson-databind-2.17.2.jar;C:\Users\eandreason\.m2\repository\com\fasterxml\jackson\core\jackson-annotations\2.17.2\jackson-annotations-2.17.2.jar;C:\Users\eandreason\.m2\repository\com\fasterxml\jackson\core\jackson-core\2.17.2\jackson-core-2.17.2.jar;C:\Users\eandreason\.m2\repository\com\fasterxml\jackson\datatype\jackson-datatype-jdk8\2.17.2\jackson-datatype-jdk8-2.17.2.jar;C:\Users\eandreason\.m2\repository\com\fasterxml\jackson\datatype\jackson-datatype-jsr310\2.17.2\jackson-datatype-jsr310-2.17.2.jar;C:\Users\eandreason\.m2\repository\com\fasterxml\jackson\module\jackson-module-parameter-names\2.17.2\jackson-module-parameter-names-2.17.2.jar;C:\Users\eandreason\.m2\repository\org\springframework\spring-web\6.1.14\spring-web-6.1.14.jar;C:\Users\eandreason\.m2\repository\org\springframework\spring-beans\6.1.14\spring-beans-6.1.14.jar;C:\Users\eandreason\.m2\repository\io\micrometer\micrometer-observation\1.13.6\micrometer-observation-1.13.6.jar;C:\Users\eandreason\.m2\repository\io\micrometer\micrometer-commons\1.13.6\micrometer-commons-1.13.6.jar;C:\Users\eandreason\.m2\repository\org\springframework\spring-webmvc\6.1.14\spring-webmvc-6.1.14.jar;C:\Users\eandreason\.m2\repository\org\springframework\spring-aop\6.1.14\spring-aop-6.1.14.jar;C:\Users\eandreason\.m2\repository\org\springframework\spring-context\6.1.14\spring-context-6.1.14.jar;C:\Users\eandreason\.m2\repository\org\springframework\spring-expression\6.1.14\spring-expression-6.1.14.jar;C:\Users\eandreason\.m2\repository\org\springframework\boot\spring-boot-starter-tomcat\3.3.5\spring-boot-starter-tomcat-3.3.5.jar;C:\Users\eandreason\.m2\repository\jakarta\annotation\jakarta.annotation-api\2.1.1\jakarta.annotation-api-2.1.1.jar;C:\Users\eandreason\.m2\repository\org\apache\tomcat\embed\tomcat-embed-core\10.1.31\tomcat-embed-core-10.1.31.jar;C:\Users\eandreason\.m2\repository\org\apache\tomcat\embed\tomcat-embed-el\10.1.31\tomcat-embed-el-10.1.31.jar;C:\Users\eandreason\.m2\repository\org\apache\tomcat\embed\tomcat-embed-websocket\10.1.31\tomcat-embed-websocket-10.1.31.jar;C:\Users\eandreason\.m2\repository\org\springframework\boot\spring-boot-starter-test\3.3.5\spring-boot-starter-test-3.3.5.jar;C:\Users\eandreason\.m2\repository\org\springframework\boot\spring-boot-test\3.3.5\spring-boot-test-3.3.5.jar;C:\Users\eandreason\.m2\repository\org\springframework\boot\spring-boot-test-autoconfigure\3.3.5\spring-boot-test-autoconfigure-3.3.5.jar;C:\Users\eandreason\.m2\repository\com\jayway\jsonpath\json-path\2.9.0\json-path-2.9.0.jar;C:\Users\eandreason\.m2\repository\org\slf4j\slf4j-api\2.0.16\slf4j-api-2.0.16.jar;C:\Users\eandreason\.m2\repository\jakarta\xml\bind\jakarta.xml.bind-api\4.0.2\jakarta.xml.bind-api-4.0.2.jar;C:\Users\eandreason\.m2\repository\jakarta\activation\jakarta.activation-api\2.1.3\jakarta.activation-api-2.1.3.jar;C:\Users\eandreason\.m2\repository\net\minidev\json-smart\2.5.1\json-smart-2.5.1.jar;C:\Users\eandreason\.m2\repository\net\minidev\accessors-smart\2.5.1\accessors-smart-2.5.1.jar;C:\Users\eandreason\.m2\repository\org\ow2\asm\asm\9.6\asm-9.6.jar;C:\Users\eandreason\.m2\repository\org\assertj\assertj-core\3.25.3\assertj-core-3.25.3.jar;C:\Users\eandreason\.m2\repository\net\bytebuddy\byte-buddy\1.14.19\byte-buddy-1.14.19.jar;C:\Users\eandreason\.m2\repository\org\awaitility\awaitility\4.2.2\awaitility-4.2.2.jar;C:\Users\eandreason\.m2\repository\org\hamcrest\hamcrest\2.2\hamcrest-2.2.jar;C:\Users\eandreason\.m2\repository\org\junit\jupiter\junit-jupiter\5.10.5\junit-jupiter-5.10.5.jar;C:\Users\eandreason\.m2\repository\org\junit\jupiter\junit-jupiter-api\5.10.5\junit-jupiter-api-5.10.5.jar;C:\Users\eandreason\.m2\repository\org\opentest4j\opentest4j\1.3.0\opentest4j-1.3.0.jar;C:\Users\eandreason\.m2\repository\org\junit\platform\junit-platform-commons\1.10.5\junit-platform-commons-1.10.5.jar;C:\Users\eandreason\.m2\repository\org\apiguardian\apiguardian-api\1.1.2\apiguardian-api-1.1.2.jar;C:\Users\eandreason\.m2\repository\org\junit\jupiter\junit-jupiter-params\5.10.5\junit-jupiter-params-5.10.5.jar;C:\Users\eandreason\.m2\repository\org\junit\jupiter\junit-jupiter-engine\5.10.5\junit-jupiter-engine-5.10.5.jar;C:\Users\eandreason\.m2\repository\org\junit\platform\junit-platform-engine\1.10.5\junit-platform-engine-1.10.5.jar;C:\Users\eandreason\.m2\repository\org\mockito\mockito-core\5.11.0\mockito-core-5.11.0.jar;C:\Users\eandreason\.m2\repository\net\bytebuddy\byte-buddy-agent\1.14.19\byte-buddy-agent-1.14.19.jar;C:\Users\eandreason\.m2\repository\org\objenesis\objenesis\3.3\objenesis-3.3.jar;C:\Users\eandreason\.m2\repository\org\mockito\mockito-junit-jupiter\5.11.0\mockito-junit-jupiter-5.11.0.jar;C:\Users\eandreason\.m2\repository\org\skyscreamer\jsonassert\1.5.3\jsonassert-1.5.3.jar;C:\Users\eandreason\.m2\repository\com\vaadin\external\google\android-json\0.0.20131108.vaadin1\android-json-0.0.20131108.vaadin1.jar;C:\Users\eandreason\.m2\repository\org\springframework\spring-core\6.1.14\spring-core-6.1.14.jar;C:\Users\eandreason\.m2\repository\org\springframework\spring-jcl\6.1.14\spring-jcl-6.1.14.jar;C:\Users\eandreason\.m2\repository\org\springframework\spring-test\6.1.14\spring-test-6.1.14.jar;C:\Users\eandreason\.m2\repository\org\xmlunit\xmlunit-core\2.9.1\xmlunit-core-2.9.1.jar;C:\Users\eandreason\.m2\repository\com\mysql\mysql-connector-j\8.4.0\mysql-connector-j-8.4.0.jar;C:\Users\eandreason\.m2\repository\org\springframework\boot\spring-boot-starter-data-jpa\3.3.5\spring-boot-starter-data-jpa-3.3.5.jar;C:\Users\eandreason\.m2\repository\org\springframework\boot\spring-boot-starter-aop\3.3.5\spring-boot-starter-aop-3.3.5.jar;C:\Users\eandreason\.m2\repository\org\aspectj\aspectjweaver\1.9.22.1\aspectjweaver-1.9.22.1.jar;C:\Users\eandreason\.m2\repository\org\springframework\boot\spring-boot-starter-jdbc\3.3.5\spring-boot-starter-jdbc-3.3.5.jar;C:\Users\eandreason\.m2\repository\com\zaxxer\HikariCP\5.1.0\HikariCP-5.1.0.jar;C:\Users\eandreason\.m2\repository\org\springframework\spring-jdbc\6.1.14\spring-jdbc-6.1.14.jar;C:\Users\eandreason\.m2\repository\org\hibernate\orm\hibernate-core\6.5.3.Final\hibernate-core-6.5.3.Final.jar;C:\Users\eandreason\.m2\repository\jakarta\persistence\jakarta.persistence-api\3.1.0\jakarta.persistence-api-3.1.0.jar;C:\Users\eandreason\.m2\repository\jakarta\transaction\jakarta.transaction-api\2.0.1\jakarta.transaction-api-2.0.1.jar;C:\Users\eandreason\.m2\repository\org\jboss\logging\jboss-logging\3.5.3.Final\jboss-logging-3.5.3.Final.jar;C:\Users\eandreason\.m2\repository\org\hibernate\common\hibernate-commons-annotations\6.0.6.Final\hibernate-commons-annotations-6.0.6.Final.jar;C:\Users\eandreason\.m2\repository\io\smallrye\jandex\3.1.2\jandex-3.1.2.jar;C:\Users\eandreason\.m2\repository\com\fasterxml\classmate\1.7.0\classmate-1.7.0.jar;C:\Users\eandreason\.m2\repository\org\glassfish\jaxb\jaxb-runtime\4.0.5\jaxb-runtime-4.0.5.jar;C:\Users\eandreason\.m2\repository\org\glassfish\jaxb\jaxb-core\4.0.5\jaxb-core-4.0.5.jar;C:\Users\eandreason\.m2\repository\org\eclipse\angus\angus-activation\2.0.2\angus-activation-2.0.2.jar;C:\Users\eandreason\.m2\repository\org\glassfish\jaxb\txw2\4.0.5\txw2-4.0.5.jar;C:\Users\eandreason\.m2\repository\com\sun\istack\istack-commons-runtime\4.1.2\istack-commons-runtime-4.1.2.jar;C:\Users\eandreason\.m2\repository\jakarta\inject\jakarta.inject-api\2.0.1\jakarta.inject-api-2.0.1.jar;C:\Users\eandreason\.m2\repository\org\antlr\antlr4-runtime\4.13.0\antlr4-runtime-4.13.0.jar;C:\Users\eandreason\.m2\repository\org\springframework\data\spring-data-jpa\3.3.5\spring-data-jpa-3.3.5.jar;C:\Users\eandreason\.m2\repository\org\springframework\data\spring-data-commons\3.3.5\spring-data-commons-3.3.5.jar;C:\Users\eandreason\.m2\repository\org\springframework\spring-orm\6.1.14\spring-orm-6.1.14.jar;C:\Users\eandreason\.m2\repository\org\springframework\spring-tx\6.1.14\spring-tx-6.1.14.jar;C:\Users\eandreason\.m2\repository\org\springframework\spring-aspects\6.1.14\spring-aspects-6.1.14.jar;"/>
    <property name="sun.cpu.endian" value="little"/>
    <property name="user.home" value="C:\Users\eandreason"/>
    <property name="user.language" value="en"/>
    <property name="java.specification.vendor" value="Oracle Corporation"/>
    <property name="java.version.date" value="2024-09-17"/>
    <property name="java.home" value="C:\Program Files\Java\jdk-23"/>
    <property name="file.separator" value="\"/>
    <property name="basedir" value="C:\NU\Year 2\Q5\PRO150 - Web Project\BlepBlipBlop\API"/>
    <property name="java.vm.compressedOopsMode" value="Zero based"/>
    <property name="line.separator" value="&#10;"/>
    <property name="java.vm.specification.vendor" value="Oracle Corporation"/>
    <property name="java.specification.name" value="Java Platform API Specification"/>
    <property name="FILE_LOG_CHARSET" value="UTF-8"/>
    <property name="java.awt.headless" value="true"/>
    <property name="surefire.real.class.path" value="C:\Users\eandreason\AppData\Local\Temp\surefire6299713226016472352\surefirebooter-20241126111631430_3.jar"/>
    <property name="user.script" value=""/>
    <property name="sun.management.compiler" value="HotSpot 64-Bit Tiered Compilers"/>
    <property name="java.runtime.version" value="23+37-2369"/>
    <property name="user.name" value="eandreason"/>
    <property name="stdout.encoding" value="Cp1252"/>
    <property name="path.separator" value=";"/>
    <property name="os.version" value="10.0"/>
    <property name="java.runtime.name" value="Java(TM) SE Runtime Environment"/>
    <property name="file.encoding" value="UTF-8"/>
    <property name="java.vm.name" value="Java HotSpot(TM) 64-Bit Server VM"/>
    <property name="localRepository" value="C:\Users\eandreason\.m2\repository"/>
    <property name="java.vendor.url.bug" value="https://bugreport.java.com/bugreport/"/>
    <property name="java.io.tmpdir" value="C:\Users\EANDRE~1\AppData\Local\Temp\"/>
    <property name="com.zaxxer.hikari.pool_number" value="1"/>
    <property name="java.version" value="23"/>
    <property name="user.dir" value="C:\NU\Year 2\Q5\PRO150 - Web Project\BlepBlipBlop\API"/>
    <property name="os.arch" value="amd64"/>
    <property name="java.vm.specification.name" value="Java Virtual Machine Specification"/>
    <property name="PID" value="28480"/>
    <property name="sun.os.patch.level" value=""/>
    <property name="CONSOLE_LOG_CHARSET" value="UTF-8"/>
    <property name="native.encoding" value="Cp1252"/>
    <property name="java.library.path" value="C:\Program Files\Java\jdk-23\bin;C:\Windows\Sun\Java\bin;C:\Windows\system32;C:\Windows;C:\Program Files\Oculus\Support\oculus-runtime;C:\Program Files\Common Files\Oracle\Java\javapath;C:\Python312\Scripts\;C:\Python312\;C:\Windows\system32;C:\Windows;C:\Windows\System32\Wbem;C:\Windows\System32\WindowsPowerShell\v1.0\;C:\Windows\System32\OpenSSH\;C:\Program Files (x86)\NVIDIA Corporation\PhysX\Common;C:\Program Files\dotnet\;C:\Program Files\nodejs\;C:\ProgramData\chocolatey\bin;C:\Program Files (x86)\Microsoft SQL Server\160\Tools\Binn\;C:\Program Files\Microsoft SQL Server\160\Tools\Binn\;C:\Program Files\Microsoft SQL Server\Client SDK\ODBC\170\Tools\Binn\;C:\Program Files\Microsoft SQL Server\160\DTS\Binn\;C:\Program Files (x86)\Microsoft SQL Server\160\DTS\Binn\;C:\Program Files\Microsoft SQL Server\150\Tools\Binn\;C:\Program Files (x86)\Windows Kits\10\Windows Performance Toolkit\;C:\Program Files\Git\cmd;C:\Program Files\Docker\Docker\resources\bin;C:\Program Files\NVIDIA Corporation\NVIDIA app\NvDLISR;C:\Program Files\MySQL\MySQL Shell 8.0\bin\;C:\Users\eandreason\AppData\Local\Microsoft\WindowsApps;C:\Users\eandreason\AppData\Local\JetBrains\Toolbox\scripts;C:\Program Files\Java\jdk-23\bin;C:\Users\eandreason\AppData\Local\Programs\Microsoft VS Code\bin;C:\Users\eandreason\AppData\Roaming\npm;C:\Users\eandreason\AppData\Local\Programs\Azure Data Studio\bin;C:\NU\!Tools\apache-maven-3.9.9\bin;;."/>
    <property name="java.vm.info" value="mixed mode, sharing"/>
    <property name="stderr.encoding" value="Cp1252"/>
    <property name="java.vendor" value="Oracle Corporation"/>
    <property name="java.vm.version" value="23+37-2369"/>
    <property name="sun.io.unicode.encoding" value="UnicodeLittle"/>
    <property name="java.class.version" value="67.0"/>
    <property name="LOGGED_APPLICATION_NAME" value="[BlepBlipBlop] "/>
  </properties>
  <testcase name="contextLoads" classname="com.example.BlepBlipBlop.BlepBlipBlopApplicationTests" time="0.588">
    <system-out><![CDATA[11:16:32.493 [main] INFO org.springframework.test.context.support.AnnotationConfigContextLoaderUtils -- Could not detect default configuration classes for test class [com.example.BlepBlipBlop.BlepBlipBlopApplicationTests]: BlepBlipBlopApplicationTests does not declare any static, non-private, non-final, nested classes annotated with @Configuration.
11:16:32.623 [main] INFO org.springframework.boot.test.context.SpringBootTestContextBootstrapper -- Found @SpringBootConfiguration com.example.BlepBlipBlop.BlepBlipBlopApplication for test class com.example.BlepBlipBlop.BlepBlipBlopApplicationTests

  .   ____          _            __ _ _
 /\\ / ___'_ __ _ _(_)_ __  __ _ \ \ \ \
( ( )\___ | '_ | '_| | '_ \/ _` | \ \ \ \
 \\/  ___)| |_)| | | | | || (_| |  ) ) ) )
  '  |____| .__|_| |_|_| |_\__, | / / / /
 =========|_|==============|___/=/_/_/_/

 :: Spring Boot ::                (v3.3.5)

2024-11-26T11:16:33.222-07:00  INFO 28480 --- [BlepBlipBlop] [           main] c.e.B.BlepBlipBlopApplicationTests       : Starting BlepBlipBlopApplicationTests using Java 23 with PID 28480 (started by eandreason in C:\NU\Year 2\Q5\PRO150 - Web Project\BlepBlipBlop\API)
2024-11-26T11:16:33.223-07:00  INFO 28480 --- [BlepBlipBlop] [           main] c.e.B.BlepBlipBlopApplicationTests       : No active profile set, falling back to 1 default profile: "default"
2024-11-26T11:16:34.113-07:00  INFO 28480 --- [BlepBlipBlop] [           main] .s.d.r.c.RepositoryConfigurationDelegate : Bootstrapping Spring Data JPA repositories in DEFAULT mode.
2024-11-26T11:16:34.214-07:00  INFO 28480 --- [BlepBlipBlop] [           main] .s.d.r.c.RepositoryConfigurationDelegate : Finished Spring Data repository scanning in 82 ms. Found 2 JPA repository interfaces.
2024-11-26T11:16:34.887-07:00  INFO 28480 --- [BlepBlipBlop] [           main] o.hibernate.jpa.internal.util.LogHelper  : HHH000204: Processing PersistenceUnitInfo [name: default]
2024-11-26T11:16:35.016-07:00  INFO 28480 --- [BlepBlipBlop] [           main] org.hibernate.Version                    : HHH000412: Hibernate ORM core version 6.5.3.Final
2024-11-26T11:16:35.070-07:00  INFO 28480 --- [BlepBlipBlop] [           main] o.h.c.internal.RegionFactoryInitiator    : HHH000026: Second-level cache disabled
2024-11-26T11:16:35.204-07:00 DEBUG 28480 --- [BlepBlipBlop] [           main] org.hibernate.type.BasicTypeRegistry     : Adding type registration boolean -> org.hibernate.type.BasicTypeReference@5e180aaf
2024-11-26T11:16:35.205-07:00 DEBUG 28480 --- [BlepBlipBlop] [           main] org.hibernate.type.BasicTypeRegistry     : Adding type registration boolean -> org.hibernate.type.BasicTypeReference@5e180aaf
2024-11-26T11:16:35.205-07:00 DEBUG 28480 --- [BlepBlipBlop] [           main] org.hibernate.type.BasicTypeRegistry     : Adding type registration java.lang.Boolean -> org.hibernate.type.BasicTypeReference@5e180aaf
2024-11-26T11:16:35.205-07:00 DEBUG 28480 --- [BlepBlipBlop] [           main] org.hibernate.type.BasicTypeRegistry     : Adding type registration numeric_boolean -> org.hibernate.type.BasicTypeReference@7015ebef
2024-11-26T11:16:35.205-07:00 DEBUG 28480 --- [BlepBlipBlop] [           main] org.hibernate.type.BasicTypeRegistry     : Adding type registration org.hibernate.type.NumericBooleanConverter -> org.hibernate.type.BasicTypeReference@7015ebef
2024-11-26T11:16:35.205-07:00 DEBUG 28480 --- [BlepBlipBlop] [           main] org.hibernate.type.BasicTypeRegistry     : Adding type registration true_false -> org.hibernate.type.BasicTypeReference@44592c39
2024-11-26T11:16:35.206-07:00 DEBUG 28480 --- [BlepBlipBlop] [           main] org.hibernate.type.BasicTypeRegistry     : Adding type registration org.hibernate.type.TrueFalseConverter -> org.hibernate.type.BasicTypeReference@44592c39
2024-11-26T11:16:35.206-07:00 DEBUG 28480 --- [BlepBlipBlop] [           main] org.hibernate.type.BasicTypeRegistry     : Adding type registration yes_no -> org.hibernate.type.BasicTypeReference@2a87ba34
2024-11-26T11:16:35.206-07:00 DEBUG 28480 --- [BlepBlipBlop] [           main] org.hibernate.type.BasicTypeRegistry     : Adding type registration org.hibernate.type.YesNoConverter -> org.hibernate.type.BasicTypeReference@2a87ba34
2024-11-26T11:16:35.206-07:00 DEBUG 28480 --- [BlepBlipBlop] [           main] org.hibernate.type.BasicTypeRegistry     : Adding type registration byte -> org.hibernate.type.BasicTypeReference@34d480b9
2024-11-26T11:16:35.206-07:00 DEBUG 28480 --- [BlepBlipBlop] [           main] org.hibernate.type.BasicTypeRegistry     : Adding type registration byte -> org.hibernate.type.BasicTypeReference@34d480b9
2024-11-26T11:16:35.206-07:00 DEBUG 28480 --- [BlepBlipBlop] [           main] org.hibernate.type.BasicTypeRegistry     : Adding type registration java.lang.Byte -> org.hibernate.type.BasicTypeReference@34d480b9
2024-11-26T11:16:35.207-07:00 DEBUG 28480 --- [BlepBlipBlop] [           main] org.hibernate.type.BasicTypeRegistry     : Adding type registration binary -> org.hibernate.type.BasicTypeReference@6b415f5f
2024-11-26T11:16:35.207-07:00 DEBUG 28480 --- [BlepBlipBlop] [           main] org.hibernate.type.BasicTypeRegistry     : Adding type registration byte[] -> org.hibernate.type.BasicTypeReference@6b415f5f
2024-11-26T11:16:35.207-07:00 DEBUG 28480 --- [BlepBlipBlop] [           main] org.hibernate.type.BasicTypeRegistry     : Adding type registration [B -> org.hibernate.type.BasicTypeReference@6b415f5f
2024-11-26T11:16:35.208-07:00 DEBUG 28480 --- [BlepBlipBlop] [           main] org.hibernate.type.BasicTypeRegistry     : Adding type registration binary_wrapper -> org.hibernate.type.BasicTypeReference@66749eea
2024-11-26T11:16:35.208-07:00 DEBUG 28480 --- [BlepBlipBlop] [           main] org.hibernate.type.BasicTypeRegistry     : Adding type registration wrapper-binary -> org.hibernate.type.BasicTypeReference@66749eea
2024-11-26T11:16:35.208-07:00 DEBUG 28480 --- [BlepBlipBlop] [           main] org.hibernate.type.BasicTypeRegistry     : Adding type registration image -> org.hibernate.type.BasicTypeReference@7135ce0a
2024-11-26T11:16:35.209-07:00 DEBUG 28480 --- [BlepBlipBlop] [           main] org.hibernate.type.BasicTypeRegistry     : Adding type registration blob -> org.hibernate.type.BasicTypeReference@617449dd
2024-11-26T11:16:35.209-07:00 DEBUG 28480 --- [BlepBlipBlop] [           main] org.hibernate.type.BasicTypeRegistry     : Adding type registration java.sql.Blob -> org.hibernate.type.BasicTypeReference@617449dd
2024-11-26T11:16:35.209-07:00 DEBUG 28480 --- [BlepBlipBlop] [           main] org.hibernate.type.BasicTypeRegistry     : Adding type registration materialized_blob -> org.hibernate.type.BasicTypeReference@2e590b
2024-11-26T11:16:35.209-07:00 DEBUG 28480 --- [BlepBlipBlop] [           main] org.hibernate.type.BasicTypeRegistry     : Adding type registration materialized_blob_wrapper -> org.hibernate.type.BasicTypeReference@42ef042a
2024-11-26T11:16:35.209-07:00 DEBUG 28480 --- [BlepBlipBlop] [           main] org.hibernate.type.BasicTypeRegistry     : Adding type registration short -> org.hibernate.type.BasicTypeReference@1df5c7e3
2024-11-26T11:16:35.210-07:00 DEBUG 28480 --- [BlepBlipBlop] [           main] org.hibernate.type.BasicTypeRegistry     : Adding type registration short -> org.hibernate.type.BasicTypeReference@1df5c7e3
2024-11-26T11:16:35.210-07:00 DEBUG 28480 --- [BlepBlipBlop] [           main] org.hibernate.type.BasicTypeRegistry     : Adding type registration java.lang.Short -> org.hibernate.type.BasicTypeReference@1df5c7e3
2024-11-26T11:16:35.210-07:00 DEBUG 28480 --- [BlepBlipBlop] [           main] org.hibernate.type.BasicTypeRegistry     : Adding type registration integer -> org.hibernate.type.BasicTypeReference@5e0c4f21
2024-11-26T11:16:35.211-07:00 DEBUG 28480 --- [BlepBlipBlop] [           main] org.hibernate.type.BasicTypeRegistry     : Adding type registration int -> org.hibernate.type.BasicTypeReference@5e0c4f21
2024-11-26T11:16:35.211-07:00 DEBUG 28480 --- [BlepBlipBlop] [           main] org.hibernate.type.BasicTypeRegistry     : Adding type registration java.lang.Integer -> org.hibernate.type.BasicTypeReference@5e0c4f21
2024-11-26T11:16:35.211-07:00 DEBUG 28480 --- [BlepBlipBlop] [           main] org.hibernate.type.BasicTypeRegistry     : Adding type registration long -> org.hibernate.type.BasicTypeReference@2c18a3ea
2024-11-26T11:16:35.211-07:00 DEBUG 28480 --- [BlepBlipBlop] [           main] org.hibernate.type.BasicTypeRegistry     : Adding type registration long -> org.hibernate.type.BasicTypeReference@2c18a3ea
2024-11-26T11:16:35.211-07:00 DEBUG 28480 --- [BlepBlipBlop] [           main] org.hibernate.type.BasicTypeRegistry     : Adding type registration java.lang.Long -> org.hibernate.type.BasicTypeReference@2c18a3ea
2024-11-26T11:16:35.211-07:00 DEBUG 28480 --- [BlepBlipBlop] [           main] org.hibernate.type.BasicTypeRegistry     : Adding type registration float -> org.hibernate.type.BasicTypeReference@166c2c17
2024-11-26T11:16:35.211-07:00 DEBUG 28480 --- [BlepBlipBlop] [           main] org.hibernate.type.BasicTypeRegistry     : Adding type registration float -> org.hibernate.type.BasicTypeReference@166c2c17
2024-11-26T11:16:35.212-07:00 DEBUG 28480 --- [BlepBlipBlop] [           main] org.hibernate.type.BasicTypeRegistry     : Adding type registration java.lang.Float -> org.hibernate.type.BasicTypeReference@166c2c17
2024-11-26T11:16:35.213-07:00 DEBUG 28480 --- [BlepBlipBlop] [           main] org.hibernate.type.BasicTypeRegistry     : Adding type registration double -> org.hibernate.type.BasicTypeReference@25953be6
2024-11-26T11:16:35.213-07:00 DEBUG 28480 --- [BlepBlipBlop] [           main] org.hibernate.type.BasicTypeRegistry     : Adding type registration double -> org.hibernate.type.BasicTypeReference@25953be6
2024-11-26T11:16:35.213-07:00 DEBUG 28480 --- [BlepBlipBlop] [           main] org.hibernate.type.BasicTypeRegistry     : Adding type registration java.lang.Double -> org.hibernate.type.BasicTypeReference@25953be6
2024-11-26T11:16:35.214-07:00 DEBUG 28480 --- [BlepBlipBlop] [           main] org.hibernate.type.BasicTypeRegistry     : Adding type registration big_integer -> org.hibernate.type.BasicTypeReference@19dc0d32
2024-11-26T11:16:35.214-07:00 DEBUG 28480 --- [BlepBlipBlop] [           main] org.hibernate.type.BasicTypeRegistry     : Adding type registration java.math.BigInteger -> org.hibernate.type.BasicTypeReference@19dc0d32
2024-11-26T11:16:35.214-07:00 DEBUG 28480 --- [BlepBlipBlop] [           main] org.hibernate.type.BasicTypeRegistry     : Adding type registration big_decimal -> org.hibernate.type.BasicTypeReference@70b2fa10
2024-11-26T11:16:35.214-07:00 DEBUG 28480 --- [BlepBlipBlop] [           main] org.hibernate.type.BasicTypeRegistry     : Adding type registration java.math.BigDecimal -> org.hibernate.type.BasicTypeReference@70b2fa10
2024-11-26T11:16:35.215-07:00 DEBUG 28480 --- [BlepBlipBlop] [           main] org.hibernate.type.BasicTypeRegistry     : Adding type registration character -> org.hibernate.type.BasicTypeReference@7c96c85
2024-11-26T11:16:35.215-07:00 DEBUG 28480 --- [BlepBlipBlop] [           main] org.hibernate.type.BasicTypeRegistry     : Adding type registration char -> org.hibernate.type.BasicTypeReference@7c96c85
2024-11-26T11:16:35.215-07:00 DEBUG 28480 --- [BlepBlipBlop] [           main] org.hibernate.type.BasicTypeRegistry     : Adding type registration java.lang.Character -> org.hibernate.type.BasicTypeReference@7c96c85
2024-11-26T11:16:35.215-07:00 DEBUG 28480 --- [BlepBlipBlop] [           main] org.hibernate.type.BasicTypeRegistry     : Adding type registration character_nchar -> org.hibernate.type.BasicTypeReference@b0f2d91
2024-11-26T11:16:35.215-07:00 DEBUG 28480 --- [BlepBlipBlop] [           main] org.hibernate.type.BasicTypeRegistry     : Adding type registration string -> org.hibernate.type.BasicTypeReference@7243145f
2024-11-26T11:16:35.215-07:00 DEBUG 28480 --- [BlepBlipBlop] [           main] org.hibernate.type.BasicTypeRegistry     : Adding type registration java.lang.String -> org.hibernate.type.BasicTypeReference@7243145f
2024-11-26T11:16:35.216-07:00 DEBUG 28480 --- [BlepBlipBlop] [           main] org.hibernate.type.BasicTypeRegistry     : Adding type registration nstring -> org.hibernate.type.BasicTypeReference@15c6027d
2024-11-26T11:16:35.216-07:00 DEBUG 28480 --- [BlepBlipBlop] [           main] org.hibernate.type.BasicTypeRegistry     : Adding type registration characters -> org.hibernate.type.BasicTypeReference@5927f904
2024-11-26T11:16:35.216-07:00 DEBUG 28480 --- [BlepBlipBlop] [           main] org.hibernate.type.BasicTypeRegistry     : Adding type registration char[] -> org.hibernate.type.BasicTypeReference@5927f904
2024-11-26T11:16:35.216-07:00 DEBUG 28480 --- [BlepBlipBlop] [           main] org.hibernate.type.BasicTypeRegistry     : Adding type registration [C -> org.hibernate.type.BasicTypeReference@5927f904
2024-11-26T11:16:35.216-07:00 DEBUG 28480 --- [BlepBlipBlop] [           main] org.hibernate.type.BasicTypeRegistry     : Adding type registration wrapper-characters -> org.hibernate.type.BasicTypeReference@2bb62414
2024-11-26T11:16:35.216-07:00 DEBUG 28480 --- [BlepBlipBlop] [           main] org.hibernate.type.BasicTypeRegistry     : Adding type registration text -> org.hibernate.type.BasicTypeReference@413d2cd1
2024-11-26T11:16:35.216-07:00 DEBUG 28480 --- [BlepBlipBlop] [           main] org.hibernate.type.BasicTypeRegistry     : Adding type registration ntext -> org.hibernate.type.BasicTypeReference@644d1b61
2024-11-26T11:16:35.217-07:00 DEBUG 28480 --- [BlepBlipBlop] [           main] org.hibernate.type.BasicTypeRegistry     : Adding type registration clob -> org.hibernate.type.BasicTypeReference@2443135
2024-11-26T11:16:35.217-07:00 DEBUG 28480 --- [BlepBlipBlop] [           main] org.hibernate.type.BasicTypeRegistry     : Adding type registration java.sql.Clob -> org.hibernate.type.BasicTypeReference@2443135
2024-11-26T11:16:35.217-07:00 DEBUG 28480 --- [BlepBlipBlop] [           main] org.hibernate.type.BasicTypeRegistry     : Adding type registration nclob -> org.hibernate.type.BasicTypeReference@184823ed
2024-11-26T11:16:35.217-07:00 DEBUG 28480 --- [BlepBlipBlop] [           main] org.hibernate.type.BasicTypeRegistry     : Adding type registration java.sql.NClob -> org.hibernate.type.BasicTypeReference@184823ed
2024-11-26T11:16:35.217-07:00 DEBUG 28480 --- [BlepBlipBlop] [           main] org.hibernate.type.BasicTypeRegistry     : Adding type registration materialized_clob -> org.hibernate.type.BasicTypeReference@30bbcf91
2024-11-26T11:16:35.218-07:00 DEBUG 28480 --- [BlepBlipBlop] [           main] org.hibernate.type.BasicTypeRegistry     : Adding type registration materialized_clob_char_array -> org.hibernate.type.BasicTypeReference@3ca14cf4
2024-11-26T11:16:35.218-07:00 DEBUG 28480 --- [BlepBlipBlop] [           main] org.hibernate.type.BasicTypeRegistry     : Adding type registration materialized_clob_character_array -> org.hibernate.type.BasicTypeReference@1f4f0fcc
2024-11-26T11:16:35.218-07:00 DEBUG 28480 --- [BlepBlipBlop] [           main] org.hibernate.type.BasicTypeRegistry     : Adding type registration materialized_nclob -> org.hibernate.type.BasicTypeReference@46c10083
2024-11-26T11:16:35.218-07:00 DEBUG 28480 --- [BlepBlipBlop] [           main] org.hibernate.type.BasicTypeRegistry     : Adding type registration materialized_nclob_character_array -> org.hibernate.type.BasicTypeReference@28e8888d
2024-11-26T11:16:35.218-07:00 DEBUG 28480 --- [BlepBlipBlop] [           main] org.hibernate.type.BasicTypeRegistry     : Adding type registration materialized_nclob_char_array -> org.hibernate.type.BasicTypeReference@1e98b788
2024-11-26T11:16:35.218-07:00 DEBUG 28480 --- [BlepBlipBlop] [           main] org.hibernate.type.BasicTypeRegistry     : Adding type registration Duration -> org.hibernate.type.BasicTypeReference@794eeaf8
2024-11-26T11:16:35.218-07:00 DEBUG 28480 --- [BlepBlipBlop] [           main] org.hibernate.type.BasicTypeRegistry     : Adding type registration java.time.Duration -> org.hibernate.type.BasicTypeReference@794eeaf8
2024-11-26T11:16:35.218-07:00 DEBUG 28480 --- [BlepBlipBlop] [           main] org.hibernate.type.BasicTypeRegistry     : Adding type registration LocalDateTime -> org.hibernate.type.BasicTypeReference@37c5284a
2024-11-26T11:16:35.218-07:00 DEBUG 28480 --- [BlepBlipBlop] [           main] org.hibernate.type.BasicTypeRegistry     : Adding type registration java.time.LocalDateTime -> org.hibernate.type.BasicTypeReference@37c5284a
2024-11-26T11:16:35.219-07:00 DEBUG 28480 --- [BlepBlipBlop] [           main] org.hibernate.type.BasicTypeRegistry     : Adding type registration LocalDate -> org.hibernate.type.BasicTypeReference@5b8572df
2024-11-26T11:16:35.219-07:00 DEBUG 28480 --- [BlepBlipBlop] [           main] org.hibernate.type.BasicTypeRegistry     : Adding type registration java.time.LocalDate -> org.hibernate.type.BasicTypeReference@5b8572df
2024-11-26T11:16:35.219-07:00 DEBUG 28480 --- [BlepBlipBlop] [           main] org.hibernate.type.BasicTypeRegistry     : Adding type registration LocalTime -> org.hibernate.type.BasicTypeReference@7aaad0
2024-11-26T11:16:35.219-07:00 DEBUG 28480 --- [BlepBlipBlop] [           main] org.hibernate.type.BasicTypeRegistry     : Adding type registration java.time.LocalTime -> org.hibernate.type.BasicTypeReference@7aaad0
2024-11-26T11:16:35.219-07:00 DEBUG 28480 --- [BlepBlipBlop] [           main] org.hibernate.type.BasicTypeRegistry     : Adding type registration OffsetDateTime -> org.hibernate.type.BasicTypeReference@eed890d
2024-11-26T11:16:35.219-07:00 DEBUG 28480 --- [BlepBlipBlop] [           main] org.hibernate.type.BasicTypeRegistry     : Adding type registration java.time.OffsetDateTime -> org.hibernate.type.BasicTypeReference@eed890d
2024-11-26T11:16:35.219-07:00 DEBUG 28480 --- [BlepBlipBlop] [           main] org.hibernate.type.BasicTypeRegistry     : Adding type registration OffsetDateTimeWithTimezone -> org.hibernate.type.BasicTypeReference@10f477e2
2024-11-26T11:16:35.220-07:00 DEBUG 28480 --- [BlepBlipBlop] [           main] org.hibernate.type.BasicTypeRegistry     : Adding type registration OffsetDateTimeWithoutTimezone -> org.hibernate.type.BasicTypeReference@6097fca9
2024-11-26T11:16:35.220-07:00 DEBUG 28480 --- [BlepBlipBlop] [           main] org.hibernate.type.BasicTypeRegistry     : Adding type registration OffsetTime -> org.hibernate.type.BasicTypeReference@35eee641
2024-11-26T11:16:35.220-07:00 DEBUG 28480 --- [BlepBlipBlop] [           main] org.hibernate.type.BasicTypeRegistry     : Adding type registration java.time.OffsetTime -> org.hibernate.type.BasicTypeReference@35eee641
2024-11-26T11:16:35.220-07:00 DEBUG 28480 --- [BlepBlipBlop] [           main] org.hibernate.type.BasicTypeRegistry     : Adding type registration OffsetTimeUtc -> org.hibernate.type.BasicTypeReference@5729b410
2024-11-26T11:16:35.220-07:00 DEBUG 28480 --- [BlepBlipBlop] [           main] org.hibernate.type.BasicTypeRegistry     : Adding type registration OffsetTimeWithTimezone -> org.hibernate.type.BasicTypeReference@64518270
2024-11-26T11:16:35.221-07:00 DEBUG 28480 --- [BlepBlipBlop] [           main] org.hibernate.type.BasicTypeRegistry     : Adding type registration OffsetTimeWithoutTimezone -> org.hibernate.type.BasicTypeReference@3b7c58e7
2024-11-26T11:16:35.221-07:00 DEBUG 28480 --- [BlepBlipBlop] [           main] org.hibernate.type.BasicTypeRegistry     : Adding type registration ZonedDateTime -> org.hibernate.type.BasicTypeReference@79627d27
2024-11-26T11:16:35.221-07:00 DEBUG 28480 --- [BlepBlipBlop] [           main] org.hibernate.type.BasicTypeRegistry     : Adding type registration java.time.ZonedDateTime -> org.hibernate.type.BasicTypeReference@79627d27
2024-11-26T11:16:35.221-07:00 DEBUG 28480 --- [BlepBlipBlop] [           main] org.hibernate.type.BasicTypeRegistry     : Adding type registration ZonedDateTimeWithTimezone -> org.hibernate.type.BasicTypeReference@6371cf2f
2024-11-26T11:16:35.222-07:00 DEBUG 28480 --- [BlepBlipBlop] [           main] org.hibernate.type.BasicTypeRegistry     : Adding type registration ZonedDateTimeWithoutTimezone -> org.hibernate.type.BasicTypeReference@b5b9333
2024-11-26T11:16:35.222-07:00 DEBUG 28480 --- [BlepBlipBlop] [           main] org.hibernate.type.BasicTypeRegistry     : Adding type registration date -> org.hibernate.type.BasicTypeReference@52b959df
2024-11-26T11:16:35.222-07:00 DEBUG 28480 --- [BlepBlipBlop] [           main] org.hibernate.type.BasicTypeRegistry     : Adding type registration java.sql.Date -> org.hibernate.type.BasicTypeReference@52b959df
2024-11-26T11:16:35.222-07:00 DEBUG 28480 --- [BlepBlipBlop] [           main] org.hibernate.type.BasicTypeRegistry     : Adding type registration time -> org.hibernate.type.BasicTypeReference@38588dea
2024-11-26T11:16:35.222-07:00 DEBUG 28480 --- [BlepBlipBlop] [           main] org.hibernate.type.BasicTypeRegistry     : Adding type registration java.sql.Time -> org.hibernate.type.BasicTypeReference@38588dea
2024-11-26T11:16:35.223-07:00 DEBUG 28480 --- [BlepBlipBlop] [           main] org.hibernate.type.BasicTypeRegistry     : Adding type registration timestamp -> org.hibernate.type.BasicTypeReference@553d2579
2024-11-26T11:16:35.223-07:00 DEBUG 28480 --- [BlepBlipBlop] [           main] org.hibernate.type.BasicTypeRegistry     : Adding type registration java.sql.Timestamp -> org.hibernate.type.BasicTypeReference@553d2579
2024-11-26T11:16:35.223-07:00 DEBUG 28480 --- [BlepBlipBlop] [           main] org.hibernate.type.BasicTypeRegistry     : Adding type registration java.util.Date -> org.hibernate.type.BasicTypeReference@553d2579
2024-11-26T11:16:35.223-07:00 DEBUG 28480 --- [BlepBlipBlop] [           main] org.hibernate.type.BasicTypeRegistry     : Adding type registration calendar -> org.hibernate.type.BasicTypeReference@2a8f6e6
2024-11-26T11:16:35.223-07:00 DEBUG 28480 --- [BlepBlipBlop] [           main] org.hibernate.type.BasicTypeRegistry     : Adding type registration java.util.Calendar -> org.hibernate.type.BasicTypeReference@2a8f6e6
2024-11-26T11:16:35.223-07:00 DEBUG 28480 --- [BlepBlipBlop] [           main] org.hibernate.type.BasicTypeRegistry     : Adding type registration java.util.GregorianCalendar -> org.hibernate.type.BasicTypeReference@2a8f6e6
2024-11-26T11:16:35.223-07:00 DEBUG 28480 --- [BlepBlipBlop] [           main] org.hibernate.type.BasicTypeRegistry     : Adding type registration calendar_date -> org.hibernate.type.BasicTypeReference@1ac730cd
2024-11-26T11:16:35.224-07:00 DEBUG 28480 --- [BlepBlipBlop] [           main] org.hibernate.type.BasicTypeRegistry     : Adding type registration calendar_time -> org.hibernate.type.BasicTypeReference@668cc9a2
2024-11-26T11:16:35.224-07:00 DEBUG 28480 --- [BlepBlipBlop] [           main] org.hibernate.type.BasicTypeRegistry     : Adding type registration instant -> org.hibernate.type.BasicTypeReference@5aa62ee7
2024-11-26T11:16:35.224-07:00 DEBUG 28480 --- [BlepBlipBlop] [           main] org.hibernate.type.BasicTypeRegistry     : Adding type registration java.time.Instant -> org.hibernate.type.BasicTypeReference@5aa62ee7
2024-11-26T11:16:35.224-07:00 DEBUG 28480 --- [BlepBlipBlop] [           main] org.hibernate.type.BasicTypeRegistry     : Adding type registration uuid -> org.hibernate.type.BasicTypeReference@1f7cec93
2024-11-26T11:16:35.224-07:00 DEBUG 28480 --- [BlepBlipBlop] [           main] org.hibernate.type.BasicTypeRegistry     : Adding type registration java.util.UUID -> org.hibernate.type.BasicTypeReference@1f7cec93
2024-11-26T11:16:35.225-07:00 DEBUG 28480 --- [BlepBlipBlop] [           main] org.hibernate.type.BasicTypeRegistry     : Adding type registration pg-uuid -> org.hibernate.type.BasicTypeReference@1f7cec93
2024-11-26T11:16:35.225-07:00 DEBUG 28480 --- [BlepBlipBlop] [           main] org.hibernate.type.BasicTypeRegistry     : Adding type registration uuid-binary -> org.hibernate.type.BasicTypeReference@3c9ef6e9
2024-11-26T11:16:35.226-07:00 DEBUG 28480 --- [BlepBlipBlop] [           main] org.hibernate.type.BasicTypeRegistry     : Adding type registration uuid-char -> org.hibernate.type.BasicTypeReference@3cdff901
2024-11-26T11:16:35.226-07:00 DEBUG 28480 --- [BlepBlipBlop] [           main] org.hibernate.type.BasicTypeRegistry     : Adding type registration class -> org.hibernate.type.BasicTypeReference@57e5396b
2024-11-26T11:16:35.226-07:00 DEBUG 28480 --- [BlepBlipBlop] [           main] org.hibernate.type.BasicTypeRegistry     : Adding type registration java.lang.Class -> org.hibernate.type.BasicTypeReference@57e5396b
2024-11-26T11:16:35.226-07:00 DEBUG 28480 --- [BlepBlipBlop] [           main] org.hibernate.type.BasicTypeRegistry     : Adding type registration currency -> org.hibernate.type.BasicTypeReference@2f054f70
2024-11-26T11:16:35.226-07:00 DEBUG 28480 --- [BlepBlipBlop] [           main] org.hibernate.type.BasicTypeRegistry     : Adding type registration Currency -> org.hibernate.type.BasicTypeReference@2f054f70
2024-11-26T11:16:35.227-07:00 DEBUG 28480 --- [BlepBlipBlop] [           main] org.hibernate.type.BasicTypeRegistry     : Adding type registration java.util.Currency -> org.hibernate.type.BasicTypeReference@2f054f70
2024-11-26T11:16:35.227-07:00 DEBUG 28480 --- [BlepBlipBlop] [           main] org.hibernate.type.BasicTypeRegistry     : Adding type registration locale -> org.hibernate.type.BasicTypeReference@6467ddc7
2024-11-26T11:16:35.227-07:00 DEBUG 28480 --- [BlepBlipBlop] [           main] org.hibernate.type.BasicTypeRegistry     : Adding type registration java.util.Locale -> org.hibernate.type.BasicTypeReference@6467ddc7
2024-11-26T11:16:35.227-07:00 DEBUG 28480 --- [BlepBlipBlop] [           main] org.hibernate.type.BasicTypeRegistry     : Adding type registration serializable -> org.hibernate.type.BasicTypeReference@27b337bb
2024-11-26T11:16:35.228-07:00 DEBUG 28480 --- [BlepBlipBlop] [           main] org.hibernate.type.BasicTypeRegistry     : Adding type registration java.io.Serializable -> org.hibernate.type.BasicTypeReference@27b337bb
2024-11-26T11:16:35.228-07:00 DEBUG 28480 --- [BlepBlipBlop] [           main] org.hibernate.type.BasicTypeRegistry     : Adding type registration timezone -> org.hibernate.type.BasicTypeReference@59636c47
2024-11-26T11:16:35.228-07:00 DEBUG 28480 --- [BlepBlipBlop] [           main] org.hibernate.type.BasicTypeRegistry     : Adding type registration java.util.TimeZone -> org.hibernate.type.BasicTypeReference@59636c47
2024-11-26T11:16:35.229-07:00 DEBUG 28480 --- [BlepBlipBlop] [           main] org.hibernate.type.BasicTypeRegistry     : Adding type registration ZoneOffset -> org.hibernate.type.BasicTypeReference@5c18d6d4
2024-11-26T11:16:35.229-07:00 DEBUG 28480 --- [BlepBlipBlop] [           main] org.hibernate.type.BasicTypeRegistry     : Adding type registration java.time.ZoneOffset -> org.hibernate.type.BasicTypeReference@5c18d6d4
2024-11-26T11:16:35.229-07:00 DEBUG 28480 --- [BlepBlipBlop] [           main] org.hibernate.type.BasicTypeRegistry     : Adding type registration url -> org.hibernate.type.BasicTypeReference@6cbb175
2024-11-26T11:16:35.229-07:00 DEBUG 28480 --- [BlepBlipBlop] [           main] org.hibernate.type.BasicTypeRegistry     : Adding type registration java.net.URL -> org.hibernate.type.BasicTypeReference@6cbb175
2024-11-26T11:16:35.230-07:00 DEBUG 28480 --- [BlepBlipBlop] [           main] org.hibernate.type.BasicTypeRegistry     : Adding type registration vector -> org.hibernate.type.BasicTypeReference@38fb50f8
2024-11-26T11:16:35.230-07:00 DEBUG 28480 --- [BlepBlipBlop] [           main] org.hibernate.type.BasicTypeRegistry     : Adding type registration row_version -> org.hibernate.type.BasicTypeReference@7ab802f4
2024-11-26T11:16:35.237-07:00 DEBUG 28480 --- [BlepBlipBlop] [           main] org.hibernate.type.BasicTypeRegistry     : Adding type registration object -> org.hibernate.type.JavaObjectType@2f995afc
2024-11-26T11:16:35.238-07:00 DEBUG 28480 --- [BlepBlipBlop] [           main] org.hibernate.type.BasicTypeRegistry     : Adding type registration java.lang.Object -> org.hibernate.type.JavaObjectType@2f995afc
2024-11-26T11:16:35.239-07:00 DEBUG 28480 --- [BlepBlipBlop] [           main] org.hibernate.type.BasicTypeRegistry     : Adding type registration null -> org.hibernate.type.NullType@7fd99443
2024-11-26T11:16:35.240-07:00 DEBUG 28480 --- [BlepBlipBlop] [           main] org.hibernate.type.BasicTypeRegistry     : Adding type registration imm_date -> org.hibernate.type.BasicTypeReference@622d7e4
2024-11-26T11:16:35.241-07:00 DEBUG 28480 --- [BlepBlipBlop] [           main] org.hibernate.type.BasicTypeRegistry     : Adding type registration imm_time -> org.hibernate.type.BasicTypeReference@261b9a37
2024-11-26T11:16:35.241-07:00 DEBUG 28480 --- [BlepBlipBlop] [           main] org.hibernate.type.BasicTypeRegistry     : Adding type registration imm_timestamp -> org.hibernate.type.BasicTypeReference@15d3793b
2024-11-26T11:16:35.241-07:00 DEBUG 28480 --- [BlepBlipBlop] [           main] org.hibernate.type.BasicTypeRegistry     : Adding type registration imm_calendar -> org.hibernate.type.BasicTypeReference@55e1192
2024-11-26T11:16:35.241-07:00 DEBUG 28480 --- [BlepBlipBlop] [           main] org.hibernate.type.BasicTypeRegistry     : Adding type registration imm_calendar_date -> org.hibernate.type.BasicTypeReference@1213ffbc
2024-11-26T11:16:35.241-07:00 DEBUG 28480 --- [BlepBlipBlop] [           main] org.hibernate.type.BasicTypeRegistry     : Adding type registration imm_calendar_time -> org.hibernate.type.BasicTypeReference@68a305eb
2024-11-26T11:16:35.241-07:00 DEBUG 28480 --- [BlepBlipBlop] [           main] org.hibernate.type.BasicTypeRegistry     : Adding type registration imm_binary -> org.hibernate.type.BasicTypeReference@6637a365
2024-11-26T11:16:35.241-07:00 DEBUG 28480 --- [BlepBlipBlop] [           main] org.hibernate.type.BasicTypeRegistry     : Adding type registration imm_serializable -> org.hibernate.type.BasicTypeReference@1310fcb0
2024-11-26T11:16:35.599-07:00  INFO 28480 --- [BlepBlipBlop] [           main] o.s.o.j.p.SpringPersistenceUnitInfo      : No LoadTimeWeaver setup: ignoring JPA class transformer
2024-11-26T11:16:35.647-07:00  INFO 28480 --- [BlepBlipBlop] [           main] com.zaxxer.hikari.HikariDataSource       : HikariPool-1 - Starting...
2024-11-26T11:16:35.897-07:00  INFO 28480 --- [BlepBlipBlop] [           main] com.zaxxer.hikari.pool.HikariPool        : HikariPool-1 - Added connection com.mysql.cj.jdbc.ConnectionImpl@320ff86f
2024-11-26T11:16:35.900-07:00  INFO 28480 --- [BlepBlipBlop] [           main] com.zaxxer.hikari.HikariDataSource       : HikariPool-1 - Start completed.
2024-11-26T11:16:35.958-07:00  WARN 28480 --- [BlepBlipBlop] [           main] org.hibernate.orm.deprecation            : HHH90000025: MySQLDialect does not need to be specified explicitly using 'hibernate.dialect' (remove the property setting and it will be selected by default)
2024-11-26T11:16:35.989-07:00 DEBUG 28480 --- [BlepBlipBlop] [           main] o.h.t.d.sql.spi.DdlTypeRegistry          : addDescriptor(12, org.hibernate.type.descriptor.sql.internal.CapacityDependentDdlType@4b343b6d) replaced previous registration(org.hibernate.type.descriptor.sql.internal.CapacityDependentDdlType@17d2b646)
2024-11-26T11:16:35.989-07:00 DEBUG 28480 --- [BlepBlipBlop] [           main] o.h.t.d.sql.spi.DdlTypeRegistry          : addDescriptor(-9, org.hibernate.type.descriptor.sql.internal.CapacityDependentDdlType@48ae9e8b) replaced previous registration(org.hibernate.type.descriptor.sql.internal.CapacityDependentDdlType@6eaa6b0c)
2024-11-26T11:16:35.989-07:00 DEBUG 28480 --- [BlepBlipBlop] [           main] o.h.t.d.sql.spi.DdlTypeRegistry          : addDescriptor(-3, org.hibernate.type.descriptor.sql.internal.CapacityDependentDdlType@4afcae7) replaced previous registration(org.hibernate.type.descriptor.sql.internal.CapacityDependentDdlType@6cd2cb2)
2024-11-26T11:16:35.989-07:00 DEBUG 28480 --- [BlepBlipBlop] [           main] o.h.t.d.sql.spi.DdlTypeRegistry          : addDescriptor(4003, org.hibernate.type.descriptor.sql.internal.DdlTypeImpl@3a2bb026) replaced previous registration(org.hibernate.type.descriptor.sql.internal.DdlTypeImpl@7645e64)
2024-11-26T11:16:35.989-07:00 DEBUG 28480 --- [BlepBlipBlop] [           main] o.h.t.d.sql.spi.DdlTypeRegistry          : addDescriptor(4001, org.hibernate.type.descriptor.sql.internal.DdlTypeImpl@7de6549d) replaced previous registration(org.hibernate.type.descriptor.sql.internal.DdlTypeImpl@12214f2f)
2024-11-26T11:16:35.989-07:00 DEBUG 28480 --- [BlepBlipBlop] [           main] o.h.t.d.sql.spi.DdlTypeRegistry          : addDescriptor(4002, org.hibernate.type.descriptor.sql.internal.DdlTypeImpl@756c67cd) replaced previous registration(org.hibernate.type.descriptor.sql.internal.DdlTypeImpl@50de907a)
2024-11-26T11:16:35.989-07:00 DEBUG 28480 --- [BlepBlipBlop] [           main] o.h.t.d.sql.spi.DdlTypeRegistry          : addDescriptor(2004, org.hibernate.type.descriptor.sql.internal.CapacityDependentDdlType@1fd37440) replaced previous registration(org.hibernate.type.descriptor.sql.internal.DdlTypeImpl@79308a2)
2024-11-26T11:16:35.989-07:00 DEBUG 28480 --- [BlepBlipBlop] [           main] o.h.t.d.sql.spi.DdlTypeRegistry          : addDescriptor(2005, org.hibernate.type.descriptor.sql.internal.CapacityDependentDdlType@11574592) replaced previous registration(org.hibernate.type.descriptor.sql.internal.DdlTypeImpl@352e5a82)
2024-11-26T11:16:35.989-07:00 DEBUG 28480 --- [BlepBlipBlop] [           main] o.h.t.d.sql.spi.DdlTypeRegistry          : addDescriptor(2011, org.hibernate.type.descriptor.sql.internal.CapacityDependentDdlType@315b5913) replaced previous registration(org.hibernate.type.descriptor.sql.internal.DdlTypeImpl@2e929182)
2024-11-26T11:16:35.992-07:00 DEBUG 28480 --- [BlepBlipBlop] [           main] o.h.t.d.jdbc.spi.JdbcTypeRegistry        : addDescriptor(NCharTypeDescriptor) replaced previous registration(CharTypeDescriptor)
2024-11-26T11:16:35.992-07:00 DEBUG 28480 --- [BlepBlipBlop] [           main] o.h.t.d.jdbc.spi.JdbcTypeRegistry        : addDescriptor(NVarcharTypeDescriptor) replaced previous registration(VarcharTypeDescriptor)
2024-11-26T11:16:35.992-07:00 DEBUG 28480 --- [BlepBlipBlop] [           main] o.h.t.d.jdbc.spi.JdbcTypeRegistry        : addDescriptor(LongNVarcharTypeDescriptor) replaced previous registration(LongVarcharTypeDescriptor)
2024-11-26T11:16:35.994-07:00 DEBUG 28480 --- [BlepBlipBlop] [           main] o.h.t.d.jdbc.spi.JdbcTypeRegistry        : addDescriptor(NClobTypeDescriptor(DEFAULT)) replaced previous registration(ClobTypeDescriptor(DEFAULT))
2024-11-26T11:16:35.994-07:00 DEBUG 28480 --- [BlepBlipBlop] [           main] o.h.t.d.jdbc.spi.JdbcTypeRegistry        : addDescriptor(2005, ClobTypeDescriptor(STREAM_BINDING)) replaced previous registration(ClobTypeDescriptor(DEFAULT))
2024-11-26T11:16:35.998-07:00 DEBUG 28480 --- [BlepBlipBlop] [           main] org.hibernate.type.BasicTypeRegistry     : Adding type registration null -> org.hibernate.type.NullType@20c3b34b
2024-11-26T11:16:35.998-07:00 DEBUG 28480 --- [BlepBlipBlop] [           main] org.hibernate.type.BasicTypeRegistry     : Type registration key [null] overrode previous entry : `org.hibernate.type.NullType@7fd99443`
2024-11-26T11:16:36.003-07:00 DEBUG 28480 --- [BlepBlipBlop] [           main] org.hibernate.type.BasicTypeRegistry     : Adding type registration org.hibernate.type.DurationType -> basicType@1(java.time.Duration,3015)
2024-11-26T11:16:36.003-07:00 DEBUG 28480 --- [BlepBlipBlop] [           main] org.hibernate.type.BasicTypeRegistry     : Adding type registration Duration -> basicType@1(java.time.Duration,3015)
2024-11-26T11:16:36.003-07:00 DEBUG 28480 --- [BlepBlipBlop] [           main] org.hibernate.type.BasicTypeRegistry     : Adding type registration java.time.Duration -> basicType@1(java.time.Duration,3015)
2024-11-26T11:16:36.008-07:00 DEBUG 28480 --- [BlepBlipBlop] [           main] org.hibernate.type.BasicTypeRegistry     : Adding type registration org.hibernate.type.OffsetDateTimeType -> basicType@2(java.time.OffsetDateTime,3003)
2024-11-26T11:16:36.008-07:00 DEBUG 28480 --- [BlepBlipBlop] [           main] org.hibernate.type.BasicTypeRegistry     : Adding type registration OffsetDateTime -> basicType@2(java.time.OffsetDateTime,3003)
2024-11-26T11:16:36.008-07:00 DEBUG 28480 --- [BlepBlipBlop] [           main] org.hibernate.type.BasicTypeRegistry     : Adding type registration java.time.OffsetDateTime -> basicType@2(java.time.OffsetDateTime,3003)
2024-11-26T11:16:36.008-07:00 DEBUG 28480 --- [BlepBlipBlop] [           main] org.hibernate.type.BasicTypeRegistry     : Adding type registration org.hibernate.type.ZonedDateTimeType -> basicType@3(java.time.ZonedDateTime,3003)
2024-11-26T11:16:36.008-07:00 DEBUG 28480 --- [BlepBlipBlop] [           main] org.hibernate.type.BasicTypeRegistry     : Adding type registration ZonedDateTime -> basicType@3(java.time.ZonedDateTime,3003)
2024-11-26T11:16:36.009-07:00 DEBUG 28480 --- [BlepBlipBlop] [           main] org.hibernate.type.BasicTypeRegistry     : Adding type registration java.time.ZonedDateTime -> basicType@3(java.time.ZonedDateTime,3003)
2024-11-26T11:16:36.010-07:00 DEBUG 28480 --- [BlepBlipBlop] [           main] org.hibernate.type.BasicTypeRegistry     : Adding type registration org.hibernate.type.OffsetTimeType -> basicType@4(java.time.OffsetTime,3007)
2024-11-26T11:16:36.010-07:00 DEBUG 28480 --- [BlepBlipBlop] [           main] org.hibernate.type.BasicTypeRegistry     : Adding type registration OffsetTime -> basicType@4(java.time.OffsetTime,3007)
2024-11-26T11:16:36.010-07:00 DEBUG 28480 --- [BlepBlipBlop] [           main] org.hibernate.type.BasicTypeRegistry     : Adding type registration java.time.OffsetTime -> basicType@4(java.time.OffsetTime,3007)
2024-11-26T11:16:36.013-07:00 DEBUG 28480 --- [BlepBlipBlop] [           main] o.h.type.spi.TypeConfiguration$Scope     : Scoping TypeConfiguration [org.hibernate.type.spi.TypeConfiguration@55638165] to MetadataBuildingContext [org.hibernate.boot.internal.MetadataBuildingContextRootImpl@4fa91d5b]
2024-11-26T11:16:36.812-07:00  INFO 28480 --- [BlepBlipBlop] [           main] o.h.e.t.j.p.i.JtaPlatformInitiator       : HHH000489: No JTA platform available (set 'hibernate.transaction.jta.platform' to enable JTA platform integration)
2024-11-26T11:16:36.812-07:00 DEBUG 28480 --- [BlepBlipBlop] [           main] o.h.type.spi.TypeConfiguration$Scope     : Scoping TypeConfiguration [org.hibernate.type.spi.TypeConfiguration@55638165] to SessionFactoryImplementor [org.hibernate.internal.SessionFactoryImpl@68b3979d]
2024-11-26T11:16:36.855-07:00 TRACE 28480 --- [BlepBlipBlop] [           main] o.h.type.spi.TypeConfiguration$Scope     : Handling #sessionFactoryCreated from [org.hibernate.internal.SessionFactoryImpl@68b3979d] for TypeConfiguration
2024-11-26T11:16:36.855-07:00  INFO 28480 --- [BlepBlipBlop] [           main] j.LocalContainerEntityManagerFactoryBean : Initialized JPA EntityManagerFactory for persistence unit 'default'
2024-11-26T11:16:37.617-07:00  WARN 28480 --- [BlepBlipBlop] [           main] JpaBaseConfiguration$JpaWebConfiguration : spring.jpa.open-in-view is enabled by default. Therefore, database queries may be performed during view rendering. Explicitly configure spring.jpa.open-in-view to disable this warning
2024-11-26T11:16:38.334-07:00  INFO 28480 --- [BlepBlipBlop] [           main] c.e.B.BlepBlipBlopApplicationTests       : Started BlepBlipBlopApplicationTests in 5.543 seconds (process running for 6.756)
]]></system-out>
    <system-err><![CDATA[WARNING: A Java agent has been loaded dynamically (C:\Users\eandreason\.m2\repository\net\bytebuddy\byte-buddy-agent\1.14.19\byte-buddy-agent-1.14.19.jar)
WARNING: If a serviceability tool is in use, please run with -XX:+EnableDynamicAgentLoading to hide this warning
WARNING: If a serviceability tool is not in use, please run with -Djdk.instrument.traceUsage for more information
WARNING: Dynamic loading of agents will be disallowed by default in a future release
]]></system-err>
  </testcase>
</testsuite>